<?xml version="1.0" encoding="UTF-8"?>
<!-- Generated by org.testng.reporters.JUnitReportReporter -->
<testsuite hostname="LTIN509553" failures="0" tests="4" name="TestRunner.TestRun" time="87.556" errors="0" timestamp="2024-04-19T14:08:18 IST" skipped="0">
  <testcase classname="TestRunner.TestRun" name="runScenario" time="11.585"/>
  <testcase classname="TestRunner.TestRun" name="runScenario" time="12.297"/>
  <testcase classname="TestRunner.TestRun" name="runScenario" time="20.778"/>
  <testcase classname="TestRunner.TestRun" name="runScenario" time="42.896"/>
</testsuite> <!-- TestRunner.TestRun -->
